<?xml version="1.0" encoding="UTF-8"?>
<!-- Generated by org.testng.reporters.JUnitXMLReporter -->
<testsuite hostname="Bilal-PC" name="Default test" tests="4" failures="0" timestamp="7 Mar 2019 11:50:15 GMT" time="0.051" errors="0">
  <testcase name="@BeforeMethod setUp" time="0.0" classname="com.classic.crmpro.test.LoginPage">
    <failure type="org.testng.TestNGException" message="
Parameter &amp;apos;URL&amp;apos; is required by @Configuration on method setUp but has not been marked @Optional or defined
in C:\Users\Bilal\AppData\Local\Temp\testng-eclipse-1178507402\testng-customsuite.xml">
      <![CDATA[org.testng.TestNGException: 
Parameter 'URL' is required by @Configuration on method setUp but has not been marked @Optional or defined
in C:\Users\Bilal\AppData\Local\Temp\testng-eclipse-1178507402\testng-customsuite.xml
	at org.testng.internal.Parameters.createParameters(Parameters.java:154)
	at org.testng.internal.Parameters.createParameters(Parameters.java:361)
	at org.testng.internal.Parameters.createConfigurationParameters(Parameters.java:84)
	at org.testng.internal.Invoker.invokeConfigurations(Invoker.java:197)
	at org.testng.internal.Invoker.invokeMethod(Invoker.java:585)
	at org.testng.internal.Invoker.invokeTestMethod(Invoker.java:816)
	at org.testng.internal.Invoker.invokeTestMethods(Invoker.java:1124)
	at org.testng.internal.TestMethodWorker.invokeTestMethods(TestMethodWorker.java:125)
	at org.testng.internal.TestMethodWorker.run(TestMethodWorker.java:108)
	at org.testng.TestRunner.privateRun(TestRunner.java:774)
	at org.testng.TestRunner.run(TestRunner.java:624)
	at org.testng.SuiteRunner.runTest(SuiteRunner.java:359)
	at org.testng.SuiteRunner.runSequentially(SuiteRunner.java:354)
	at org.testng.SuiteRunner.privateRun(SuiteRunner.java:312)
	at org.testng.SuiteRunner.run(SuiteRunner.java:261)
	at org.testng.SuiteRunnerWorker.runSuite(SuiteRunnerWorker.java:52)
	at org.testng.SuiteRunnerWorker.run(SuiteRunnerWorker.java:86)
	at org.testng.TestNG.runSuitesSequentially(TestNG.java:1215)
	at org.testng.TestNG.runSuitesLocally(TestNG.java:1140)
	at org.testng.TestNG.run(TestNG.java:1048)
	at org.testng.remote.AbstractRemoteTestNG.run(AbstractRemoteTestNG.java:115)
	at org.testng.remote.RemoteTestNG.initAndRun(RemoteTestNG.java:251)
	at org.testng.remote.RemoteTestNG.main(RemoteTestNG.java:77)
]]>
    </failure>
  </testcase> <!-- @BeforeMethod setUp -->
  <testcase name="@AfterMethod doAfterTests" time="0.0" classname="com.classic.crmpro.test.LoginPage">
    <skipped/>
  </testcase> <!-- @AfterMethod doAfterTests -->
  <testcase name="@BeforeMethod setUp" time="0.0" classname="com.classic.crmpro.test.LoginPage">
    <skipped/>
  </testcase> <!-- @BeforeMethod setUp -->
  <testcase name="@AfterMethod doAfterTests" time="0.0" classname="com.classic.crmpro.test.LoginPage">
    <skipped/>
  </testcase> <!-- @AfterMethod doAfterTests -->
  <testcase name="@BeforeMethod setUp" time="0.0" classname="com.classic.crmpro.test.LoginPage">
    <skipped/>
  </testcase> <!-- @BeforeMethod setUp -->
  <testcase name="@AfterMethod doAfterTests" time="0.0" classname="com.classic.crmpro.test.LoginPage">
    <skipped/>
  </testcase> <!-- @AfterMethod doAfterTests -->
  <testcase name="@BeforeMethod setUp" time="0.0" classname="com.classic.crmpro.test.LoginPage">
    <skipped/>
  </testcase> <!-- @BeforeMethod setUp -->
  <testcase name="@AfterMethod doAfterTests" time="0.0" classname="com.classic.crmpro.test.LoginPage">
    <skipped/>
  </testcase> <!-- @AfterMethod doAfterTests -->
  <testcase name="urlTest" time="0.006" classname="com.classic.crmpro.test.LoginPage">
    <skipped/>
  </testcase> <!-- urlTest -->
  <testcase name="titleTest" time="0.001" classname="com.classic.crmpro.test.LoginPage">
    <skipped/>
  </testcase> <!-- titleTest -->
  <testcase name="logoTest" time="0.001" classname="com.classic.crmpro.test.LoginPage">
    <skipped/>
  </testcase> <!-- logoTest -->
  <testcase name="homePageLoginButtonTest" time="0.001" classname="com.classic.crmpro.test.LoginPage">
    <skipped/>
  </testcase> <!-- homePageLoginButtonTest -->
</testsuite> <!-- Default test -->
